Sending build context to Docker daemon  132.6kB
Step 1/6 : FROM node:latest
 ---> f7756628c1ee
Step 2/6 : LABEL maintainer "jeancorreia@mylab.jcc"
 ---> Using cache
 ---> 15b911164d20
Step 3/6 : EXPOSE 8080
 ---> Using cache
 ---> d2b8e4d91656
Step 4/6 : COPY main.js .
 ---> c440f3c63cca
Step 5/6 : CMD node main.js
 ---> Running in 4bc05b6393ee
Removing intermediate container 4bc05b6393ee
 ---> ee7c44ace62f
Step 6/6 : EXPOSE 8000
 ---> Running in 790561c73cae
Removing intermediate container 790561c73cae
 ---> 1abadb2ab9ca
Successfully built 1abadb2ab9ca
Successfully tagged registry.mylab.local:32000/hello-world:14
